<?xml version="1.0" encoding="UTF-8"?>
<!-- Generated by org.testng.reporters.JUnitReportReporter -->
<testsuite hostname="DESKTOP-9INC9AD" failures="0" tests="1" name="runner.Application3" time="91.659" errors="0" timestamp="2023-07-03T17:06:33 IST" skipped="0">
  <testcase classname="runner.Application3" name="test" time="91.659"/>
</testsuite> <!-- runner.Application3 -->
