<?xml version="1.0" encoding="UTF-8"?>
<!-- Generated by org.testng.reporters.JUnitReportReporter -->
<testsuite hostname="DESKTOP-9INC9AD" failures="0" tests="1" name="ss" time="13.752" errors="0" timestamp="2023-07-04T05:00:26 IST" skipped="0">
  <testcase classname="ss" name="ScreenShot" time="13.752"/>
</testsuite> <!-- ss -->
