<?xml version="1.0" encoding="UTF-8"?>
<!-- Generated by org.testng.reporters.JUnitReportReporter -->
<testsuite hostname="DESKTOP-9INC9AD" failures="0" tests="1" name="Prop" time="0.040" errors="0" timestamp="2023-06-23T18:32:16 IST" skipped="0">
  <testcase classname="Prop" name="test1" time="0.040"/>
</testsuite> <!-- Prop -->
